[2026-05-25 11:22:36] ERROR: Command '# هذا تعليق لا يحتاجه النظام
# يجب أن أشرح لك أنني أريد كود بايثون بسيط جداً
# من فضلك، هل يمكنك أن تكتب لي كود يقوم بطباعة جملة "مرحباً يا عالم"؟
# أنا أعرف أن هذا بسيط ولكنني أريد التأكد أن النظام يعمل بشكل جيد
# شكراً جزيلاً لك يا دولفين.

print("مرحباً يا عالم")
dir' returned non-zero exit status 1.
[2026-05-25 11:24:52] ERROR: Command '# هذا تعليق لا يحتاجه النظام
# يجب أن أشرح لك أنني أريد كود بايثون بسيط جداً
# من فضلك، هل يمكنك أن تكتب لي كود يقوم بطباعة جملة "مرحباً يا عالم"؟
# أنا أعرف أن هذا بسيط ولكنني أريد التأكد أن النظام يعمل بشكل جيد
# شكراً جزيلاً لك يا دولفين.

print("مرحباً يا عالم")
dir
unknown_command_test' returned non-zero exit status 1.
[2026-05-25 11:30:18] ERROR: Command '# هذا تعليق لا يحتاجه النظام
# يجب أن أشرح لك أنني أريد كود بايثون بسيط جداً
# من فضلك، هل يمكنك أن تكتب لي كود يقوم بطباعة جملة "مرحباً يا عالم"؟
# أنا أعرف أن هذا بسيط ولكنني أريد التأكد أن النظام يعمل بشكل جيد
# شكراً جزيلاً لك يا دولفين.

print("مرحباً يا عالم")
dir
unknown_command_test
WRITE: test.txt | Hello Dolphin' returned non-zero exit status 1.
[2026-05-25 11:32:40] ERROR: Command '# هذا تعليق لا يحتاجه النظام
# يجب أن أشرح لك أنني أريد كود بايثون بسيط جداً
# من فضلك، هل يمكنك أن تكتب لي كود يقوم بطباعة جملة "مرحباً يا عالم"؟
# أنا أعرف أن هذا بسيط ولكنني أريد التأكد أن النظام يعمل بشكل جيد
# شكراً جزيلاً لك يا دولفين.

print("مرحباً يا عالم")
dir
unknown_command_test
WRITE: test.txt | هذا اختبار نجاح النظام' returned non-zero exit status 1.
[2026-05-25 11:35:58] ERROR: Command '# هذا تعليق لا يحتاجه النظام
# يجب أن أشرح لك أنني أريد كود بايثون بسيط جداً
# من فضلك، هل يمكنك أن تكتب لي كود يقوم بطباعة جملة "مرحباً يا عالم"؟
# أنا أعرف أن هذا بسيط ولكنني أريد التأكد أن النظام يعمل بشكل جيد
# شكراً جزيلاً لك يا دولفين.

print("مرحباً يا عالم")
dir
unknown_command_test
#WRITE: test.txt | هذا اختبار نجاح النظام' returned non-zero exit status 1.
